Processing data/rhythm/retrodict_FolkRock.lp.
Processing data/rhythm/retrodict_FolkRock.lp.
Processing data/rhythm/retrodict_FolkRock.lp.
Processing data/rhythm/retrodict_FolkRock.lp.
Processing data/rhythm/retrodict_FolkRock.lp.
Processing data/rhythm/retrodict_FolkRock.lp.
Processing data/rhythm/retrodict_FolkRock.lp.
Processing data/rhythm/retrodict_FolkRock.lp.
Processing data/rhythm/retrodict_FolkRock.lp.
Processing data/rhythm/retrodict_FolkRock.lp.
Solving rhythm retrodict_FolkRock.lp
MusicConfig {num_extra_fluent_predicates = 0, num_extra_arrow_rules = 0, num_extra_causes_rules = 0, num_extra_body_atoms = 0}
Generating temporary files...
Generated temp/rhythm_retrodict_FolkRock_init.lp
Generated temp/rhythm_retrodict_FolkRock_subs.lp
Generated temp/rhythm_retrodict_FolkRock_var_atoms.lp
Generated temp/rhythm_retrodict_FolkRock_interpretation.lp
Generated temp/rhythm_retrodict_FolkRock_script.sh
Calling clingo...
No solution found for this configuration

MusicConfig {num_extra_fluent_predicates = 0, num_extra_arrow_rules = 0, num_extra_causes_rules = 4, num_extra_body_atoms = 0}
Generating temporary files...
Generated temp/rhythm_retrodict_FolkRock_init.lp
Generated temp/rhythm_retrodict_FolkRock_subs.lp
Generated temp/rhythm_retrodict_FolkRock_var_atoms.lp
Generated temp/rhythm_retrodict_FolkRock_interpretation.lp
Generated temp/rhythm_retrodict_FolkRock_script.sh
Calling clingo...
No solution found for this configuration

MusicConfig {num_extra_fluent_predicates = 0, num_extra_arrow_rules = 4, num_extra_causes_rules = 8, num_extra_body_atoms = 0}
Generating temporary files...
Generated temp/rhythm_retrodict_FolkRock_init.lp
Generated temp/rhythm_retrodict_FolkRock_subs.lp
Generated temp/rhythm_retrodict_FolkRock_var_atoms.lp
Generated temp/rhythm_retrodict_FolkRock_interpretation.lp
Generated temp/rhythm_retrodict_FolkRock_script.sh
Calling clingo...
No solution found for this configuration

MusicConfig {num_extra_fluent_predicates = 4, num_extra_arrow_rules = 4, num_extra_causes_rules = 4, num_extra_body_atoms = 0}
Generating temporary files...
Generated temp/rhythm_retrodict_FolkRock_init.lp
Generated temp/rhythm_retrodict_FolkRock_subs.lp
Generated temp/rhythm_retrodict_FolkRock_var_atoms.lp
Generated temp/rhythm_retrodict_FolkRock_interpretation.lp
Generated temp/rhythm_retrodict_FolkRock_script.sh
Calling clingo...
No solution found for this configuration

MusicConfig {num_extra_fluent_predicates = 4, num_extra_arrow_rules = 4, num_extra_causes_rules = 8, num_extra_body_atoms = 0}
Generating temporary files...
Generated temp/rhythm_retrodict_FolkRock_init.lp
Generated temp/rhythm_retrodict_FolkRock_subs.lp
Generated temp/rhythm_retrodict_FolkRock_var_atoms.lp
Generated temp/rhythm_retrodict_FolkRock_interpretation.lp
Generated temp/rhythm_retrodict_FolkRock_script.sh
Calling clingo...
No solution found for this configuration

MusicConfig {num_extra_fluent_predicates = 8, num_extra_arrow_rules = 4, num_extra_causes_rules = 8, num_extra_body_atoms = 0}
Generating temporary files...
Generated temp/rhythm_retrodict_FolkRock_init.lp
Generated temp/rhythm_retrodict_FolkRock_subs.lp
Generated temp/rhythm_retrodict_FolkRock_var_atoms.lp
Generated temp/rhythm_retrodict_FolkRock_interpretation.lp
Generated temp/rhythm_retrodict_FolkRock_script.sh
Calling clingo...
No solution found for this configuration

MusicConfig {num_extra_fluent_predicates = 8, num_extra_arrow_rules = 8, num_extra_causes_rules = 8, num_extra_body_atoms = 1}
Generating temporary files...
Generated temp/rhythm_retrodict_FolkRock_init.lp
Generated temp/rhythm_retrodict_FolkRock_subs.lp
Generated temp/rhythm_retrodict_FolkRock_var_atoms.lp
Generated temp/rhythm_retrodict_FolkRock_interpretation.lp
Generated temp/rhythm_retrodict_FolkRock_script.sh
Calling clingo...
No solution found for this configuration

MusicConfig {num_extra_fluent_predicates = 8, num_extra_arrow_rules = 12, num_extra_causes_rules = 12, num_extra_body_atoms = 0}
Generating temporary files...
Generated temp/rhythm_retrodict_FolkRock_init.lp
Generated temp/rhythm_retrodict_FolkRock_subs.lp
Generated temp/rhythm_retrodict_FolkRock_var_atoms.lp
Generated temp/rhythm_retrodict_FolkRock_interpretation.lp
Generated temp/rhythm_retrodict_FolkRock_script.sh
Calling clingo...
No solution found for this configuration

MusicConfig {num_extra_fluent_predicates = 8, num_extra_arrow_rules = 12, num_extra_causes_rules = 16, num_extra_body_atoms = 0}
Generating temporary files...
Generated temp/rhythm_retrodict_FolkRock_init.lp
Generated temp/rhythm_retrodict_FolkRock_subs.lp
Generated temp/rhythm_retrodict_FolkRock_var_atoms.lp
Generated temp/rhythm_retrodict_FolkRock_interpretation.lp
Generated temp/rhythm_retrodict_FolkRock_script.sh
Calling clingo...
No solution found for this configuration

MusicConfig {num_extra_fluent_predicates = 8, num_extra_arrow_rules = 12, num_extra_causes_rules = 16, num_extra_body_atoms = 1}
Generating temporary files...
Generated temp/rhythm_retrodict_FolkRock_init.lp
Generated temp/rhythm_retrodict_FolkRock_subs.lp
Generated temp/rhythm_retrodict_FolkRock_var_atoms.lp
Generated temp/rhythm_retrodict_FolkRock_interpretation.lp
Generated temp/rhythm_retrodict_FolkRock_script.sh
Calling clingo...
No solution found for this configuration

Unable to solve retrodict_FolkRock.lp
