Processing data/sw/impute_18.lp.
Processing data/sw/impute_18.lp.
Processing data/sw/impute_18.lp.
Processing data/sw/impute_18.lp.
Processing data/sw/impute_18.lp.
Processing data/sw/impute_18.lp.
Solving sw impute_18.lp
Num objects: 1 complexity: simple
Generating temporary files...
Generated temp/sw_impute_18_init.lp
Generated temp/sw_impute_18_subs.lp
Generated temp/sw_impute_18_var_atoms.lp
Generated temp/sw_impute_18_interpretation.lp
Generated temp/sw_impute_18_script.sh
Calling clingo...
No solution found for this configuration

Num objects: 2 complexity: simple
Generating temporary files...
Generated temp/sw_impute_18_init.lp
Generated temp/sw_impute_18_subs.lp
Generated temp/sw_impute_18_var_atoms.lp
Generated temp/sw_impute_18_interpretation.lp
Generated temp/sw_impute_18_script.sh
Calling clingo...
Num objects: 3 complexity: simple
Generating temporary files...
Generated temp/sw_impute_18_init.lp
Generated temp/sw_impute_18_subs.lp
Generated temp/sw_impute_18_var_atoms.lp
Generated temp/sw_impute_18_interpretation.lp
Generated temp/sw_impute_18_script.sh
Calling clingo...
Num objects: 1 complexity: complex
Generating temporary files...
Generated temp/sw_impute_18_init.lp
Generated temp/sw_impute_18_subs.lp
Generated temp/sw_impute_18_var_atoms.lp
Generated temp/sw_impute_18_interpretation.lp
Generated temp/sw_impute_18_script.sh
Calling clingo...
Num objects: 2 complexity: complex
Generating temporary files...
Generated temp/sw_impute_18_init.lp
Generated temp/sw_impute_18_subs.lp
Generated temp/sw_impute_18_var_atoms.lp
Generated temp/sw_impute_18_interpretation.lp
Generated temp/sw_impute_18_script.sh
Calling clingo...
Num objects: 3 complexity: complex
Generating temporary files...
Generated temp/sw_impute_18_init.lp
Generated temp/sw_impute_18_subs.lp
Generated temp/sw_impute_18_var_atoms.lp
Generated temp/sw_impute_18_interpretation.lp
Generated temp/sw_impute_18_script.sh
Calling clingo...
No solution found for this configuration

-------------
Answer
-------------


Initial conditions
------------------

s2(c_letter,obj_sensor,obj_letter_c)
s2(c_x,obj_sensor,obj_letter_c)
s2(c_y,obj_gen_1,obj_letter_a)
s2(c_y,obj_gen_2,obj_letter_c)

Permanents
----------

isa(p_p1,obj_gen_1)
isa(p_p2,obj_gen_2)
isa2(p_part_c,obj_gen_1,obj_grid)
isa2(p_part_c,obj_gen_2,obj_grid)
isa2(p_r,obj_gen_1,obj_gen_2)
isa2(p_r,obj_gen_2,obj_gen_2)

Rules
-----

r1 : s2(c_letter,var_s,var_l) /\ s2(c_y,var_c,var_l) -> s2(c_part_s, var_s, var_c)
r2 : isa(p_p2,var_c) /\ isa2(p_succ,var_l2,var_l) /\ s2(c_letter,var_s,var_l) /\ s2(c_part_s,var_s,var_c) >> s2(c_letter, var_s, var_l2)
r3 : isa(p_p1,var_c) /\ isa2(p_succ,var_l,var_l2) /\ s2(c_letter,var_s,var_l) /\ s2(c_part_s,var_s,var_c) >> s2(c_letter, var_s, var_l2)

Constraints
-----------

p_p1+p_p2

Trace
-----

Time 1: 
s2(c_letter, obj_sensor, obj_letter_c)
s2(c_part_s, obj_sensor, obj_gen_2)
s2(c_x, obj_sensor, obj_letter_c)
s2(c_y, obj_gen_1, obj_letter_a)
s2(c_y, obj_gen_2, obj_letter_c)

Time 2: 
s2(c_letter, obj_sensor, obj_letter_b)
s2(c_part_s, obj_sensor, obj_gen_2)
s2(c_x, obj_sensor, obj_letter_c)
s2(c_y, obj_gen_1, obj_letter_a)
s2(c_y, obj_gen_2, obj_letter_c)

Time 3: 
s2(c_letter, obj_sensor, obj_letter_a)
s2(c_part_s, obj_sensor, obj_gen_1)
s2(c_x, obj_sensor, obj_letter_c)
s2(c_y, obj_gen_1, obj_letter_a)
s2(c_y, obj_gen_2, obj_letter_c)

Time 4: 
s2(c_letter, obj_sensor, obj_letter_b)
s2(c_part_s, obj_sensor, obj_gen_1)
s2(c_x, obj_sensor, obj_letter_c)
s2(c_y, obj_gen_1, obj_letter_a)
s2(c_y, obj_gen_2, obj_letter_c)

Time 5: 
s2(c_letter, obj_sensor, obj_letter_c)
s2(c_part_s, obj_sensor, obj_gen_2)
s2(c_x, obj_sensor, obj_letter_c)
s2(c_y, obj_gen_1, obj_letter_a)
s2(c_y, obj_gen_2, obj_letter_c)

Time 6: 
s2(c_letter, obj_sensor, obj_letter_b)
s2(c_part_s, obj_sensor, obj_gen_2)
s2(c_x, obj_sensor, obj_letter_c)
s2(c_y, obj_gen_1, obj_letter_a)
s2(c_y, obj_gen_2, obj_letter_c)

Time 7: 
s2(c_letter, obj_sensor, obj_letter_a)
s2(c_part_s, obj_sensor, obj_gen_1)
s2(c_x, obj_sensor, obj_letter_c)
s2(c_y, obj_gen_1, obj_letter_a)
s2(c_y, obj_gen_2, obj_letter_c)

Time 8: 
s2(c_letter, obj_sensor, obj_letter_b)
s2(c_part_s, obj_sensor, obj_gen_1)
s2(c_x, obj_sensor, obj_letter_c)
s2(c_y, obj_gen_1, obj_letter_a)
s2(c_y, obj_gen_2, obj_letter_c)

Time 9: 
s2(c_letter, obj_sensor, obj_letter_c)
s2(c_part_s, obj_sensor, obj_gen_2)
s2(c_x, obj_sensor, obj_letter_c)
s2(c_y, obj_gen_1, obj_letter_a)
s2(c_y, obj_gen_2, obj_letter_c)

Time 10: 
s2(c_letter, obj_sensor, obj_letter_b)
s2(c_part_s, obj_sensor, obj_gen_2)
s2(c_x, obj_sensor, obj_letter_c)
s2(c_y, obj_gen_1, obj_letter_a)
s2(c_y, obj_gen_2, obj_letter_c)

Time 11: 
s2(c_letter, obj_sensor, obj_letter_a)
s2(c_part_s, obj_sensor, obj_gen_1)
s2(c_x, obj_sensor, obj_letter_c)
s2(c_y, obj_gen_1, obj_letter_a)
s2(c_y, obj_gen_2, obj_letter_c)

Time 12: 
s2(c_letter, obj_sensor, obj_letter_b)
s2(c_part_s, obj_sensor, obj_gen_1)
s2(c_x, obj_sensor, obj_letter_c)
s2(c_y, obj_gen_1, obj_letter_a)
s2(c_y, obj_gen_2, obj_letter_c)

Time 13: 
s2(c_letter, obj_sensor, obj_letter_c)
s2(c_part_s, obj_sensor, obj_gen_2)
s2(c_x, obj_sensor, obj_letter_c)
s2(c_y, obj_gen_1, obj_letter_a)
s2(c_y, obj_gen_2, obj_letter_c)

Time 14: 
s2(c_letter, obj_sensor, obj_letter_b)
s2(c_part_s, obj_sensor, obj_gen_2)
s2(c_x, obj_sensor, obj_letter_c)
s2(c_y, obj_gen_1, obj_letter_a)
s2(c_y, obj_gen_2, obj_letter_c)


Statistics
----------

Num arrow rules: 1
Num causes rules: 2
Total body atoms: 10
Num inits: 10
Total cost: 25
Total num clauses: 13


Accuracy
--------

Status: correct


