Processing data/sw/impute_25.lp.
Processing data/sw/impute_25.lp.
Processing data/sw/impute_25.lp.
Processing data/sw/impute_25.lp.
Processing data/sw/impute_25.lp.
Processing data/sw/impute_25.lp.
Solving sw impute_25.lp
Num objects: 1 complexity: simple
Generating temporary files...
Generated temp/sw_impute_25_init.lp
Generated temp/sw_impute_25_subs.lp
Generated temp/sw_impute_25_var_atoms.lp
Generated temp/sw_impute_25_interpretation.lp
Generated temp/sw_impute_25_script.sh
Calling clingo...
Num objects: 2 complexity: simple
Generating temporary files...
Generated temp/sw_impute_25_init.lp
Generated temp/sw_impute_25_subs.lp
Generated temp/sw_impute_25_var_atoms.lp
Generated temp/sw_impute_25_interpretation.lp
Generated temp/sw_impute_25_script.sh
Calling clingo...
Num objects: 3 complexity: simple
Generating temporary files...
Generated temp/sw_impute_25_init.lp
Generated temp/sw_impute_25_subs.lp
Generated temp/sw_impute_25_var_atoms.lp
Generated temp/sw_impute_25_interpretation.lp
Generated temp/sw_impute_25_script.sh
Calling clingo...
Num objects: 1 complexity: complex
Generating temporary files...
Generated temp/sw_impute_25_init.lp
Generated temp/sw_impute_25_subs.lp
Generated temp/sw_impute_25_var_atoms.lp
Generated temp/sw_impute_25_interpretation.lp
Generated temp/sw_impute_25_script.sh
Calling clingo...
Num objects: 2 complexity: complex
Generating temporary files...
Generated temp/sw_impute_25_init.lp
Generated temp/sw_impute_25_subs.lp
Generated temp/sw_impute_25_var_atoms.lp
Generated temp/sw_impute_25_interpretation.lp
Generated temp/sw_impute_25_script.sh
Calling clingo...
Num objects: 3 complexity: complex
Generating temporary files...
Generated temp/sw_impute_25_init.lp
Generated temp/sw_impute_25_subs.lp
Generated temp/sw_impute_25_var_atoms.lp
Generated temp/sw_impute_25_interpretation.lp
Generated temp/sw_impute_25_script.sh
Calling clingo...
-------------
Answer
-------------


Initial conditions
------------------

s2(c_letter,obj_sensor,obj_letter_a)
s2(c_part_s,obj_sensor,obj_gen_1)
s2(c_x,obj_sensor,obj_letter_a)
s2(c_y,obj_gen_1,obj_letter_f)

Permanents
----------

isa(p_p2,obj_gen_1)
isa2(p_part_c,obj_gen_1,obj_grid)
isa2(p_r,obj_gen_1,obj_gen_1)

Rules
-----

r1 : isa(p_p2,var_c) /\ isa2(p_succ,var_l,var_l2) /\ s2(c_letter,var_s,var_l2) -> s2(c_y, var_c, var_l)
r2 : s2(c_x,var_s,var_l) >> s2(c_letter, var_s, var_l)
r3 : s2(c_part_s,var_s,var_c) /\ s2(c_y,var_c,var_l) >> s2(c_x, var_s, var_l)

Constraints
-----------

p_p1+p_p2

Trace
-----

Time 1: 
s2(c_letter, obj_sensor, obj_letter_a)
s2(c_part_s, obj_sensor, obj_gen_1)
s2(c_x, obj_sensor, obj_letter_a)
s2(c_y, obj_gen_1, obj_letter_f)

Time 2: 
s2(c_letter, obj_sensor, obj_letter_a)
s2(c_part_s, obj_sensor, obj_gen_1)
s2(c_x, obj_sensor, obj_letter_f)
s2(c_y, obj_gen_1, obj_letter_f)

Time 3: 
s2(c_letter, obj_sensor, obj_letter_f)
s2(c_part_s, obj_sensor, obj_gen_1)
s2(c_x, obj_sensor, obj_letter_f)
s2(c_y, obj_gen_1, obj_letter_e)

Time 4: 
s2(c_letter, obj_sensor, obj_letter_f)
s2(c_part_s, obj_sensor, obj_gen_1)
s2(c_x, obj_sensor, obj_letter_e)
s2(c_y, obj_gen_1, obj_letter_e)

Time 5: 
s2(c_letter, obj_sensor, obj_letter_e)
s2(c_part_s, obj_sensor, obj_gen_1)
s2(c_x, obj_sensor, obj_letter_e)
s2(c_y, obj_gen_1, obj_letter_d)

Time 6: 
s2(c_letter, obj_sensor, obj_letter_e)
s2(c_part_s, obj_sensor, obj_gen_1)
s2(c_x, obj_sensor, obj_letter_d)
s2(c_y, obj_gen_1, obj_letter_d)

Time 7: 
s2(c_letter, obj_sensor, obj_letter_d)
s2(c_part_s, obj_sensor, obj_gen_1)
s2(c_x, obj_sensor, obj_letter_d)
s2(c_y, obj_gen_1, obj_letter_c)

Time 8: 
s2(c_letter, obj_sensor, obj_letter_d)
s2(c_part_s, obj_sensor, obj_gen_1)
s2(c_x, obj_sensor, obj_letter_c)
s2(c_y, obj_gen_1, obj_letter_c)


Statistics
----------

Num arrow rules: 1
Num causes rules: 2
Total body atoms: 6
Num inits: 7
Total cost: 18
Total num clauses: 10


Accuracy
--------

Status: correct


