Processing data/sw/retrodict_2.lp.
Processing data/sw/retrodict_2.lp.
Processing data/sw/retrodict_2.lp.
Processing data/sw/retrodict_2.lp.
Processing data/sw/retrodict_2.lp.
Processing data/sw/retrodict_2.lp.
Solving sw retrodict_2.lp
Num objects: 1 complexity: simple
Generating temporary files...
Generated temp/sw_retrodict_2_init.lp
Generated temp/sw_retrodict_2_subs.lp
Generated temp/sw_retrodict_2_var_atoms.lp
Generated temp/sw_retrodict_2_interpretation.lp
Generated temp/sw_retrodict_2_script.sh
Calling clingo...
Num objects: 2 complexity: simple
Generating temporary files...
Generated temp/sw_retrodict_2_init.lp
Generated temp/sw_retrodict_2_subs.lp
Generated temp/sw_retrodict_2_var_atoms.lp
Generated temp/sw_retrodict_2_interpretation.lp
Generated temp/sw_retrodict_2_script.sh
Calling clingo...
Num objects: 3 complexity: simple
Generating temporary files...
Generated temp/sw_retrodict_2_init.lp
Generated temp/sw_retrodict_2_subs.lp
Generated temp/sw_retrodict_2_var_atoms.lp
Generated temp/sw_retrodict_2_interpretation.lp
Generated temp/sw_retrodict_2_script.sh
Calling clingo...
Num objects: 1 complexity: complex
Generating temporary files...
Generated temp/sw_retrodict_2_init.lp
Generated temp/sw_retrodict_2_subs.lp
Generated temp/sw_retrodict_2_var_atoms.lp
Generated temp/sw_retrodict_2_interpretation.lp
Generated temp/sw_retrodict_2_script.sh
Calling clingo...
Num objects: 2 complexity: complex
Generating temporary files...
Generated temp/sw_retrodict_2_init.lp
Generated temp/sw_retrodict_2_subs.lp
Generated temp/sw_retrodict_2_var_atoms.lp
Generated temp/sw_retrodict_2_interpretation.lp
Generated temp/sw_retrodict_2_script.sh
Calling clingo...
Num objects: 3 complexity: complex
Generating temporary files...
Generated temp/sw_retrodict_2_init.lp
Generated temp/sw_retrodict_2_subs.lp
Generated temp/sw_retrodict_2_var_atoms.lp
Generated temp/sw_retrodict_2_interpretation.lp
Generated temp/sw_retrodict_2_script.sh
Calling clingo...
-------------
Answer
-------------


Initial conditions
------------------

s2(c_letter,obj_sensor,obj_letter_a)
s2(c_part_s,obj_sensor,obj_gen_1)
s2(c_x,obj_sensor,obj_letter_b)
s2(c_y,obj_gen_1,obj_letter_b)

Permanents
----------

isa(p_p2,obj_gen_1)
isa2(p_part_c,obj_gen_1,obj_grid)
isa2(p_r,obj_gen_1,obj_gen_1)

Rules
-----

r2 : isa2(p_succ,var_l,var_l2) /\ s2(c_letter,var_s,var_l) >> s2(c_letter, var_s, var_l2)

Constraints
-----------

p_p1+p_p2

Trace
-----

Time 1: 
s2(c_letter, obj_sensor, obj_letter_a)
s2(c_part_s, obj_sensor, obj_gen_1)
s2(c_x, obj_sensor, obj_letter_b)
s2(c_y, obj_gen_1, obj_letter_b)

Time 2: 
s2(c_letter, obj_sensor, obj_letter_b)
s2(c_part_s, obj_sensor, obj_gen_1)
s2(c_x, obj_sensor, obj_letter_b)
s2(c_y, obj_gen_1, obj_letter_b)

Time 3: 
s2(c_letter, obj_sensor, obj_letter_c)
s2(c_part_s, obj_sensor, obj_gen_1)
s2(c_x, obj_sensor, obj_letter_b)
s2(c_y, obj_gen_1, obj_letter_b)

Time 4: 
s2(c_letter, obj_sensor, obj_letter_d)
s2(c_part_s, obj_sensor, obj_gen_1)
s2(c_x, obj_sensor, obj_letter_b)
s2(c_y, obj_gen_1, obj_letter_b)

Time 5: 
s2(c_letter, obj_sensor, obj_letter_e)
s2(c_part_s, obj_sensor, obj_gen_1)
s2(c_x, obj_sensor, obj_letter_b)
s2(c_y, obj_gen_1, obj_letter_b)


Statistics
----------

Num arrow rules: 0
Num causes rules: 1
Total body atoms: 2
Num inits: 7
Total cost: 11
Total num clauses: 8


Accuracy
--------

Status: correct


