Processing data/sw/predict_13.lp.
Processing data/sw/predict_13.lp.
Processing data/sw/predict_13.lp.
Processing data/sw/predict_13.lp.
Processing data/sw/predict_13.lp.
Processing data/sw/predict_13.lp.
Solving sw predict_13.lp
Num objects: 1 complexity: simple
Generating temporary files...
Generated temp/sw_predict_13_init.lp
Generated temp/sw_predict_13_subs.lp
Generated temp/sw_predict_13_var_atoms.lp
Generated temp/sw_predict_13_interpretation.lp
Generated temp/sw_predict_13_script.sh
Calling clingo...
No solution found for this configuration

Num objects: 2 complexity: simple
Generating temporary files...
Generated temp/sw_predict_13_init.lp
Generated temp/sw_predict_13_subs.lp
Generated temp/sw_predict_13_var_atoms.lp
Generated temp/sw_predict_13_interpretation.lp
Generated temp/sw_predict_13_script.sh
Calling clingo...
No solution found for this configuration

Num objects: 3 complexity: simple
Generating temporary files...
Generated temp/sw_predict_13_init.lp
Generated temp/sw_predict_13_subs.lp
Generated temp/sw_predict_13_var_atoms.lp
Generated temp/sw_predict_13_interpretation.lp
Generated temp/sw_predict_13_script.sh
Calling clingo...
No solution found for this configuration

Num objects: 1 complexity: complex
Generating temporary files...
Generated temp/sw_predict_13_init.lp
Generated temp/sw_predict_13_subs.lp
Generated temp/sw_predict_13_var_atoms.lp
Generated temp/sw_predict_13_interpretation.lp
Generated temp/sw_predict_13_script.sh
Calling clingo...
No solution found for this configuration

Num objects: 2 complexity: complex
Generating temporary files...
Generated temp/sw_predict_13_init.lp
Generated temp/sw_predict_13_subs.lp
Generated temp/sw_predict_13_var_atoms.lp
Generated temp/sw_predict_13_interpretation.lp
Generated temp/sw_predict_13_script.sh
Calling clingo...
No solution found for this configuration

Num objects: 3 complexity: complex
Generating temporary files...
Generated temp/sw_predict_13_init.lp
Generated temp/sw_predict_13_subs.lp
Generated temp/sw_predict_13_var_atoms.lp
Generated temp/sw_predict_13_interpretation.lp
Generated temp/sw_predict_13_script.sh
Calling clingo...
No solution found for this configuration

Unable to solve predict_13.lp
