Processing data/sw/retrodict_21.lp.
Processing data/sw/retrodict_21.lp.
Processing data/sw/retrodict_21.lp.
Processing data/sw/retrodict_21.lp.
Processing data/sw/retrodict_21.lp.
Processing data/sw/retrodict_21.lp.
Solving sw retrodict_21.lp
Num objects: 1 complexity: simple
Generating temporary files...
Generated temp/sw_retrodict_21_init.lp
Generated temp/sw_retrodict_21_subs.lp
Generated temp/sw_retrodict_21_var_atoms.lp
Generated temp/sw_retrodict_21_interpretation.lp
Generated temp/sw_retrodict_21_script.sh
Calling clingo...
No solution found for this configuration

Num objects: 2 complexity: simple
Generating temporary files...
Generated temp/sw_retrodict_21_init.lp
Generated temp/sw_retrodict_21_subs.lp
Generated temp/sw_retrodict_21_var_atoms.lp
Generated temp/sw_retrodict_21_interpretation.lp
Generated temp/sw_retrodict_21_script.sh
Calling clingo...
No solution found for this configuration

Num objects: 3 complexity: simple
Generating temporary files...
Generated temp/sw_retrodict_21_init.lp
Generated temp/sw_retrodict_21_subs.lp
Generated temp/sw_retrodict_21_var_atoms.lp
Generated temp/sw_retrodict_21_interpretation.lp
Generated temp/sw_retrodict_21_script.sh
Calling clingo...
No solution found for this configuration

Num objects: 1 complexity: complex
Generating temporary files...
Generated temp/sw_retrodict_21_init.lp
Generated temp/sw_retrodict_21_subs.lp
Generated temp/sw_retrodict_21_var_atoms.lp
Generated temp/sw_retrodict_21_interpretation.lp
Generated temp/sw_retrodict_21_script.sh
Calling clingo...
No solution found for this configuration

Num objects: 2 complexity: complex
Generating temporary files...
Generated temp/sw_retrodict_21_init.lp
Generated temp/sw_retrodict_21_subs.lp
Generated temp/sw_retrodict_21_var_atoms.lp
Generated temp/sw_retrodict_21_interpretation.lp
Generated temp/sw_retrodict_21_script.sh
Calling clingo...
No solution found for this configuration

Num objects: 3 complexity: complex
Generating temporary files...
Generated temp/sw_retrodict_21_init.lp
Generated temp/sw_retrodict_21_subs.lp
Generated temp/sw_retrodict_21_var_atoms.lp
Generated temp/sw_retrodict_21_interpretation.lp
Generated temp/sw_retrodict_21_script.sh
Calling clingo...
No solution found for this configuration

Unable to solve retrodict_21.lp
